# JRE version: OpenJDK Runtime Environment Temurin-17.0.11+9 (17.0.11+9) (build 17.0.11+9)
# Java VM: OpenJDK 64-Bit Server VM Temurin-17.0.11+9 (17.0.11+9, mixed mode, emulated-client, tiered, compressed oops, compressed class ptrs, g1 gc, windows-amd64)
GC Precious Log:
 CPUs: 8 total, 8 available
 Memory: 12087M
 Large Page Support: Disabled
 NUMA Support: Disabled
 Compressed Oops: Enabled (32-bit)
 Heap Region Size: 1M
 Heap Min Capacity: 8M
 Heap Initial Capacity: 190M
 Heap Max Capacity: 1G
 Pre-touch: Disabled
 Parallel Workers: 8
 Concurrent Workers: 2
 Concurrent Refinement Workers: 8
 Periodic GC: Disabled
Heap:
 garbage-first heap   total 95232K, used 39152K [0x00000000c0000000, 0x0000000100000000)
  region size 1024K, 1 young (1024K), 0 survivors (0K)
 Metaspace       used 62920K, committed 63552K, reserved 1114112K
  class space    used 7922K, committed 8192K, reserved 1048576K
GC Heap History (20 events):
Event: 4147.664 GC heap before
{Heap before GC invocations=379 (full 353):
 garbage-first heap   total 95232K, used 39152K [0x00000000c0000000, 0x0000000100000000)
  region size 1024K, 1 young (1024K), 0 survivors (0K)
 Metaspace       used 62920K, committed 63552K, reserved 1114112K
  class space    used 7922K, committed 8192K, reserved 1048576K
}
Event: 4147.696 GC heap after
{Heap after GC invocations=380 (full 354):
 garbage-first heap   total 95232K, used 39152K [0x00000000c0000000, 0x0000000100000000)
  region size 1024K, 0 young (0K), 0 survivors (0K)
 Metaspace       used 62920K, committed 63552K, reserved 1114112K
  class space    used 7922K, committed 8192K, reserved 1048576K
}
Event: 4157.944 GC heap before
{Heap before GC invocations=380 (full 354):
 garbage-first heap   total 95232K, used 39152K [0x00000000c0000000, 0x0000000100000000)
  region size 1024K, 1 young (1024K), 0 survivors (0K)
 Metaspace       used 62920K, committed 63552K, reserved 1114112K
  class space    used 7922K, committed 8192K, reserved 1048576K
}
Event: 4158.020 GC heap after
{Heap after GC invocations=381 (full 355):
 garbage-first heap   total 95232K, used 39152K [0x00000000c0000000, 0x0000000100000000)
  region size 1024K, 0 young (0K), 0 survivors (0K)
 Metaspace       used 62920K, committed 63552K, reserved 1114112K
  class space    used 7922K, committed 8192K, reserved 1048576K
}
Event: 4168.294 GC heap before
{Heap before GC invocations=381 (full 355):
 garbage-first heap   total 95232K, used 39152K [0x00000000c0000000, 0x0000000100000000)
  region size 1024K, 1 young (1024K), 0 survivors (0K)
 Metaspace       used 62920K, committed 63552K, reserved 1114112K
  class space    used 7922K, committed 8192K, reserved 1048576K
}
Event: 4168.359 GC heap after
{Heap after GC invocations=382 (full 356):
 garbage-first heap   total 95232K, used 39152K [0x00000000c0000000, 0x0000000100000000)
  region size 1024K, 0 young (0K), 0 survivors (0K)
 Metaspace       used 62920K, committed 63552K, reserved 1114112K
  class space    used 7922K, committed 8192K, reserved 1048576K
}
Event: 4178.612 GC heap before
{Heap before GC invocations=382 (full 356):
 garbage-first heap   total 95232K, used 39152K [0x00000000c0000000, 0x0000000100000000)
  region size 1024K, 1 young (1024K), 0 survivors (0K)
 Metaspace       used 62920K, committed 63552K, reserved 1114112K
  class space    used 7922K, committed 8192K, reserved 1048576K
}
Event: 4178.685 GC heap after
{Heap after GC invocations=383 (full 357):
 garbage-first heap   total 95232K, used 39152K [0x00000000c0000000, 0x0000000100000000)
  region size 1024K, 0 young (0K), 0 survivors (0K)
 Metaspace       used 62920K, committed 63552K, reserved 1114112K
  class space    used 7922K, committed 8192K, reserved 1048576K
}
Event: 4188.946 GC heap before
{Heap before GC invocations=383 (full 357):
 garbage-first heap   total 95232K, used 39152K [0x00000000c0000000, 0x0000000100000000)
  region size 1024K, 1 young (1024K), 0 survivors (0K)
 Metaspace       used 62920K, committed 63552K, reserved 1114112K
  class space    used 7922K, committed 8192K, reserved 1048576K
}
Event: 4189.018 GC heap after
{Heap after GC invocations=384 (full 358):
 garbage-first heap   total 95232K, used 39152K [0x00000000c0000000, 0x0000000100000000)
  region size 1024K, 0 young (0K), 0 survivors (0K)
 Metaspace       used 62920K, committed 63552K, reserved 1114112K
  class space    used 7922K, committed 8192K, reserved 1048576K
}
Event: 4199.261 GC heap before
{Heap before GC invocations=384 (full 358):
 garbage-first heap   total 95232K, used 39152K [0x00000000c0000000, 0x0000000100000000)
  region size 1024K, 1 young (1024K), 0 survivors (0K)
 Metaspace       used 62920K, committed 63552K, reserved 1114112K
  class space    used 7922K, committed 8192K, reserved 1048576K
}
Event: 4199.343 GC heap after
{Heap after GC invocations=385 (full 359):
 garbage-first heap   total 95232K, used 39152K [0x00000000c0000000, 0x0000000100000000)
  region size 1024K, 0 young (0K), 0 survivors (0K)
 Metaspace       used 62920K, committed 63552K, reserved 1114112K
  class space    used 7922K, committed 8192K, reserved 1048576K
}
Event: 4209.588 GC heap before
{Heap before GC invocations=385 (full 359):
 garbage-first heap   total 95232K, used 39152K [0x00000000c0000000, 0x0000000100000000)
  region size 1024K, 1 young (1024K), 0 survivors (0K)
 Metaspace       used 62920K, committed 63552K, reserved 1114112K
  class space    used 7922K, committed 8192K, reserved 1048576K
}
Event: 4209.654 GC heap after
{Heap after GC invocations=386 (full 360):
 garbage-first heap   total 95232K, used 39152K [0x00000000c0000000, 0x0000000100000000)
  region size 1024K, 0 young (0K), 0 survivors (0K)
 Metaspace       used 62920K, committed 63552K, reserved 1114112K
  class space    used 7922K, committed 8192K, reserved 1048576K
}
Event: 4219.929 GC heap before
{Heap before GC invocations=386 (full 360):
 garbage-first heap   total 95232K, used 39152K [0x00000000c0000000, 0x0000000100000000)
  region size 1024K, 1 young (1024K), 0 survivors (0K)
 Metaspace       used 62920K, committed 63552K, reserved 1114112K
  class space    used 7922K, committed 8192K, reserved 1048576K
}
Event: 4219.979 GC heap after
{Heap after GC invocations=387 (full 361):
 garbage-first heap   total 95232K, used 39152K [0x00000000c0000000, 0x0000000100000000)
  region size 1024K, 0 young (0K), 0 survivors (0K)
 Metaspace       used 62920K, committed 63552K, reserved 1114112K
  class space    used 7922K, committed 8192K, reserved 1048576K
}
Event: 4230.248 GC heap before
{Heap before GC invocations=387 (full 361):
 garbage-first heap   total 95232K, used 39152K [0x00000000c0000000, 0x0000000100000000)
  region size 1024K, 1 young (1024K), 0 survivors (0K)
 Metaspace       used 62920K, committed 63552K, reserved 1114112K
  class space    used 7922K, committed 8192K, reserved 1048576K
}
Event: 4230.315 GC heap after
{Heap after GC invocations=388 (full 362):
 garbage-first heap   total 95232K, used 39152K [0x00000000c0000000, 0x0000000100000000)
  region size 1024K, 0 young (0K), 0 survivors (0K)
 Metaspace       used 62920K, committed 63552K, reserved 1114112K
  class space    used 7922K, committed 8192K, reserved 1048576K
}
Event: 4240.568 GC heap before
{Heap before GC invocations=388 (full 362):
 garbage-first heap   total 95232K, used 39152K [0x00000000c0000000, 0x0000000100000000)
  region size 1024K, 1 young (1024K), 0 survivors (0K)
 Metaspace       used 62920K, committed 63552K, reserved 1114112K
  class space    used 7922K, committed 8192K, reserved 1048576K
}
Event: 4240.644 GC heap after
{Heap after GC invocations=389 (full 363):
 garbage-first heap   total 95232K, used 39152K [0x00000000c0000000, 0x0000000100000000)
  region size 1024K, 0 young (0K), 0 survivors (0K)
 Metaspace       used 62920K, committed 63552K, reserved 1114112K
  class space    used 7922K, committed 8192K, reserved 1048576K
}

